# JRE version: OpenJDK Runtime Environment (11.0.15) (build 11.0.15+0-b2043.56-9505619)
# Java VM: OpenJDK 64-Bit Server VM (11.0.15+0-b2043.56-9505619, mixed mode, tiered, compressed oops, g1 gc, windows-amd64)
Heap:
 garbage-first heap   total 253952K, used 187482K [0x0000000080000000, 0x0000000100000000)
  region size 1024K, 61 young (62464K), 6 survivors (6144K)
 Metaspace       used 98114K, capacity 101058K, committed 101788K, reserved 1136640K
  class space    used 12692K, capacity 13778K, committed 14060K, reserved 1048576K
GC Heap History (20 events):
Event: 9.129 GC heap before
{Heap before GC invocations=12 (full 0):
 garbage-first heap   total 253952K, used 168651K [0x0000000080000000, 0x0000000100000000)
  region size 1024K, 105 young (107520K), 7 survivors (7168K)
 Metaspace       used 77629K, capacity 79594K, committed 79772K, reserved 1118208K
  class space    used 10128K, capacity 10902K, committed 10988K, reserved 1048576K
}
Event: 9.135 GC heap after
{Heap after GC invocations=13 (full 0):
 garbage-first heap   total 253952K, used 74985K [0x0000000080000000, 0x0000000100000000)
  region size 1024K, 14 young (14336K), 14 survivors (14336K)
 Metaspace       used 77629K, capacity 79594K, committed 79772K, reserved 1118208K
  class space    used 10128K, capacity 10902K, committed 10988K, reserved 1048576K
}
Event: 10.081 GC heap before
{Heap before GC invocations=13 (full 0):
 garbage-first heap   total 253952K, used 176361K [0x0000000080000000, 0x0000000100000000)
  region size 1024K, 113 young (115712K), 14 survivors (14336K)
 Metaspace       used 85584K, capacity 87720K, committed 87964K, reserved 1126400K
  class space    used 11190K, capacity 11979K, committed 12012K, reserved 1048576K
}
Event: 10.089 GC heap after
{Heap after GC invocations=14 (full 0):
 garbage-first heap   total 253952K, used 82404K [0x0000000080000000, 0x0000000100000000)
  region size 1024K, 15 young (15360K), 15 survivors (15360K)
 Metaspace       used 85584K, capacity 87720K, committed 87964K, reserved 1126400K
  class space    used 11190K, capacity 11979K, committed 12012K, reserved 1048576K
}
Event: 10.850 GC heap before
{Heap before GC invocations=14 (full 0):
 garbage-first heap   total 253952K, used 181732K [0x0000000080000000, 0x0000000100000000)
  region size 1024K, 113 young (115712K), 15 survivors (15360K)
 Metaspace       used 88229K, capacity 90685K, committed 90780K, reserved 1128448K
  class space    used 11581K, capacity 12505K, committed 12524K, reserved 1048576K
}
Event: 10.860 GC heap after
{Heap after GC invocations=15 (full 0):
 garbage-first heap   total 253952K, used 93156K [0x0000000080000000, 0x0000000100000000)
  region size 1024K, 15 young (15360K), 15 survivors (15360K)
 Metaspace       used 88229K, capacity 90685K, committed 90780K, reserved 1128448K
  class space    used 11581K, capacity 12505K, committed 12524K, reserved 1048576K
}
Event: 11.183 GC heap before
{Heap before GC invocations=15 (full 0):
 garbage-first heap   total 253952K, used 188388K [0x0000000080000000, 0x0000000100000000)
  region size 1024K, 109 young (111616K), 15 survivors (15360K)
 Metaspace       used 89144K, capacity 91884K, committed 92060K, reserved 1128448K
  class space    used 11740K, capacity 12771K, committed 12780K, reserved 1048576K
}
Event: 11.193 GC heap after
{Heap after GC invocations=16 (full 0):
 garbage-first heap   total 253952K, used 102045K [0x0000000080000000, 0x0000000100000000)
  region size 1024K, 8 young (8192K), 8 survivors (8192K)
 Metaspace       used 89144K, capacity 91884K, committed 92060K, reserved 1128448K
  class space    used 11740K, capacity 12771K, committed 12780K, reserved 1048576K
}
Event: 11.571 GC heap before
{Heap before GC invocations=16 (full 0):
 garbage-first heap   total 253952K, used 193181K [0x0000000080000000, 0x0000000100000000)
  region size 1024K, 98 young (100352K), 8 survivors (8192K)
 Metaspace       used 89873K, capacity 92671K, committed 92956K, reserved 1130496K
  class space    used 11791K, capacity 12836K, committed 12908K, reserved 1048576K
}
Event: 11.576 GC heap after
{Heap after GC invocations=17 (full 0):
 garbage-first heap   total 253952K, used 108502K [0x0000000080000000, 0x0000000100000000)
  region size 1024K, 9 young (9216K), 9 survivors (9216K)
 Metaspace       used 89873K, capacity 92671K, committed 92956K, reserved 1130496K
  class space    used 11791K, capacity 12836K, committed 12908K, reserved 1048576K
}
Event: 11.892 GC heap before
{Heap before GC invocations=17 (full 0):
 garbage-first heap   total 253952K, used 196566K [0x0000000080000000, 0x0000000100000000)
  region size 1024K, 96 young (98304K), 9 survivors (9216K)
 Metaspace       used 90239K, capacity 93051K, committed 93212K, reserved 1130496K
  class space    used 11831K, capacity 12902K, committed 12908K, reserved 1048576K
}
Event: 11.898 GC heap after
{Heap after GC invocations=18 (full 0):
 garbage-first heap   total 253952K, used 113648K [0x0000000080000000, 0x0000000100000000)
  region size 1024K, 8 young (8192K), 8 survivors (8192K)
 Metaspace       used 90239K, capacity 93051K, committed 93212K, reserved 1130496K
  class space    used 11831K, capacity 12902K, committed 12908K, reserved 1048576K
}
Event: 12.226 GC heap before
{Heap before GC invocations=18 (full 0):
 garbage-first heap   total 253952K, used 199664K [0x0000000080000000, 0x0000000100000000)
  region size 1024K, 93 young (95232K), 8 survivors (8192K)
 Metaspace       used 92145K, capacity 94973K, committed 95260K, reserved 1132544K
  class space    used 12036K, capacity 13121K, committed 13164K, reserved 1048576K
}
Event: 12.231 GC heap after
{Heap after GC invocations=19 (full 0):
 garbage-first heap   total 253952K, used 117063K [0x0000000080000000, 0x0000000100000000)
  region size 1024K, 6 young (6144K), 6 survivors (6144K)
 Metaspace       used 92145K, capacity 94973K, committed 95260K, reserved 1132544K
  class space    used 12036K, capacity 13121K, committed 13164K, reserved 1048576K
}
Event: 12.430 GC heap before
{Heap before GC invocations=19 (full 0):
 garbage-first heap   total 253952K, used 202055K [0x0000000080000000, 0x0000000100000000)
  region size 1024K, 90 young (92160K), 6 survivors (6144K)
 Metaspace       used 93250K, capacity 96176K, committed 96540K, reserved 1132544K
  class space    used 12179K, capacity 13284K, committed 13420K, reserved 1048576K
}
Event: 12.434 GC heap after
{Heap after GC invocations=20 (full 0):
 garbage-first heap   total 253952K, used 120255K [0x0000000080000000, 0x0000000100000000)
  region size 1024K, 10 young (10240K), 10 survivors (10240K)
 Metaspace       used 93250K, capacity 96176K, committed 96540K, reserved 1132544K
  class space    used 12179K, capacity 13284K, committed 13420K, reserved 1048576K
}
Event: 25.241 GC heap before
{Heap before GC invocations=20 (full 0):
 garbage-first heap   total 253952K, used 177599K [0x0000000080000000, 0x0000000100000000)
  region size 1024K, 66 young (67584K), 10 survivors (10240K)
 Metaspace       used 97072K, capacity 100227K, committed 100380K, reserved 1136640K
  class space    used 12681K, capacity 13844K, committed 13932K, reserved 1048576K
}
Event: 25.248 GC heap after
{Heap after GC invocations=21 (full 0):
 garbage-first heap   total 253952K, used 125821K [0x0000000080000000, 0x0000000100000000)
  region size 1024K, 10 young (10240K), 10 survivors (10240K)
 Metaspace       used 97072K, capacity 100227K, committed 100380K, reserved 1136640K
  class space    used 12681K, capacity 13844K, committed 13932K, reserved 1048576K
}
Event: 25.391 GC heap before
{Heap before GC invocations=22 (full 0):
 garbage-first heap   total 253952K, used 136061K [0x0000000080000000, 0x0000000100000000)
  region size 1024K, 18 young (18432K), 10 survivors (10240K)
 Metaspace       used 97431K, capacity 100389K, committed 101276K, reserved 1136640K
  class space    used 12654K, capacity 13734K, committed 14060K, reserved 1048576K
}
Event: 25.397 GC heap after
{Heap after GC invocations=23 (full 0):
 garbage-first heap   total 253952K, used 130138K [0x0000000080000000, 0x0000000100000000)
  region size 1024K, 6 young (6144K), 6 survivors (6144K)
 Metaspace       used 97431K, capacity 100389K, committed 101276K, reserved 1136640K
  class space    used 12654K, capacity 13734K, committed 14060K, reserved 1048576K
}

